<?xml version="1.0" encoding="UTF-8"?>
<!-- Generated by org.testng.reporters.JUnitReportReporter -->
<testsuite hostname="DESKTOP-2V3754E" failures="0" tests="1" name="tests.CraterItemsTest" time="12.211" errors="0" timestamp="2022-12-27T20:27:12 EST" skipped="0">
  <testcase classname="tests.CraterItemsTest" name="f" time="12.211"/>
  <system-out/>
</testsuite> <!-- tests.CraterItemsTest -->
