<?xml version="1.0" encoding="UTF-8"?>
<!-- Generated by org.testng.reporters.JUnitReportReporter -->
<testsuite hostname="DESKTOP-2V3754E" failures="0" tests="2" name="tests.SauceDemoLoginTests" time="8.318" errors="0" timestamp="2022-12-23T23:11:24 EST" skipped="0">
  <testcase classname="tests.SauceDemoLoginTests" name="credentialTest" time="4.308"/>
  <system-out/>
  <testcase classname="tests.SauceDemoLoginTests" name="credentialTest" time="4.010"/>
  <system-out/>
</testsuite> <!-- tests.SauceDemoLoginTests -->
