<?xml version="1.0" encoding="UTF-8"?>
<!-- Generated by org.testng.reporters.JUnitReportReporter -->
<testsuite hostname="helilshahyars-iMac.local" failures="0" tests="9" name="petStoreApiTests.PetStoreApiTests" time="3.381" errors="0" timestamp="2022-12-15T21:11:07 EST" skipped="0">
  <testcase classname="petStoreApiTests.PetStoreApiTests" name="postACat" time="0.491"/>
  <system-out/>
  <testcase classname="petStoreApiTests.PetStoreApiTests" name="invalidIdUpdateCat" time="0.359"/>
  <system-out/>
  <testcase classname="petStoreApiTests.PetStoreApiTests" name="updateCat" time="0.100"/>
  <system-out/>
  <testcase classname="petStoreApiTests.PetStoreApiTests" name="createCatWithJsonFile" time="0.321"/>
  <system-out/>
  <testcase classname="petStoreApiTests.PetStoreApiTests" name="getPetById" time="0.091"/>
  <system-out/>
  <testcase classname="petStoreApiTests.PetStoreApiTests" name="chainValidation" time="1.594"/>
  <system-out/>
  <testcase classname="petStoreApiTests.PetStoreApiTests" name="findPetByStatus" time="0.097"/>
  <system-out/>
  <testcase classname="petStoreApiTests.PetStoreApiTests" name="getById" time="0.136"/>
  <system-out/>
  <testcase classname="petStoreApiTests.PetStoreApiTests" name="postAPet" time="0.192"/>
  <system-out/>
</testsuite> <!-- petStoreApiTests.PetStoreApiTests -->
