<?xml version="1.0" encoding="UTF-8"?>
<!-- Generated by org.testng.reporters.JUnitReportReporter -->
<testsuite hostname="DESKTOP-2V3754E" failures="0" tests="5" name="tests.CraterUserManagement" time="30.274" errors="0" timestamp="2022-12-27T18:47:37 EST" skipped="0">
  <testcase classname="tests.CraterUserManagement" name="invalidLogin" time="5.115"/>
  <system-out/>
  <testcase classname="tests.CraterUserManagement" name="invalidLogin" time="6.201"/>
  <system-out/>
  <testcase classname="tests.CraterUserManagement" name="invalidLogin" time="5.589"/>
  <system-out/>
  <testcase classname="tests.CraterUserManagement" name="validLogin" time="7.721"/>
  <system-out/>
  <testcase classname="tests.CraterUserManagement" name="invalidLogin" time="5.648"/>
  <system-out/>
</testsuite> <!-- tests.CraterUserManagement -->
